05-31 09:39:16 com_github_MitjaNemec_PlaceFootprints.action_place_footprints 674:Plugin executed on: 'linux'
05-31 09:39:16 com_github_MitjaNemec_PlaceFootprints.action_place_footprints 675:Plugin executed with python version: '3.12.10 (main, Nov 10 2011, 15:00:00) [GCC 14.2.0]'
05-31 09:39:16 com_github_MitjaNemec_PlaceFootprints.action_place_footprints 676:KiCad build version: 9.0.2
05-31 09:39:16 com_github_MitjaNemec_PlaceFootprints.action_place_footprints 677:Plugin version: 4.0.1
05-31 09:39:16 com_github_MitjaNemec_PlaceFootprints.action_place_footprints 678:Frame repr: <wx._core.Frame object at 0x7fd704f53380>
05-31 09:39:16 com_github_MitjaNemec_PlaceFootprints.place_footprints 121:getting a list of all footprints on board
05-31 09:39:16 com_github_MitjaNemec_PlaceFootprints.place_footprints 156:Footprint R11 on root level
05-31 09:39:16 com_github_MitjaNemec_PlaceFootprints.place_footprints 156:Footprint H1 on root level
05-31 09:39:16 com_github_MitjaNemec_PlaceFootprints.place_footprints 156:Footprint R5 on root level
05-31 09:39:16 com_github_MitjaNemec_PlaceFootprints.place_footprints 156:Footprint R12 on root level
05-31 09:39:16 com_github_MitjaNemec_PlaceFootprints.place_footprints 156:Footprint J4 on root level
05-31 09:39:16 com_github_MitjaNemec_PlaceFootprints.place_footprints 156:Footprint TP5 on root level
05-31 09:39:16 com_github_MitjaNemec_PlaceFootprints.place_footprints 156:Footprint C137 on root level
05-31 09:39:16 com_github_MitjaNemec_PlaceFootprints.place_footprints 156:Footprint R13 on root level
05-31 09:39:16 com_github_MitjaNemec_PlaceFootprints.place_footprints 156:Footprint R9 on root level
05-31 09:39:16 com_github_MitjaNemec_PlaceFootprints.place_footprints 156:Footprint TP3 on root level
05-31 09:39:16 com_github_MitjaNemec_PlaceFootprints.place_footprints 156:Footprint R3 on root level
05-31 09:39:16 com_github_MitjaNemec_PlaceFootprints.place_footprints 156:Footprint Y1 on root level
05-31 09:39:16 com_github_MitjaNemec_PlaceFootprints.place_footprints 156:Footprint C135 on root level
05-31 09:39:16 com_github_MitjaNemec_PlaceFootprints.place_footprints 156:Footprint C130 on root level
05-31 09:39:16 com_github_MitjaNemec_PlaceFootprints.place_footprints 156:Footprint H2 on root level
05-31 09:39:16 com_github_MitjaNemec_PlaceFootprints.place_footprints 156:Footprint TP2 on root level
05-31 09:39:16 com_github_MitjaNemec_PlaceFootprints.place_footprints 156:Footprint H6 on root level
05-31 09:39:16 com_github_MitjaNemec_PlaceFootprints.place_footprints 156:Footprint R1 on root level
05-31 09:39:16 com_github_MitjaNemec_PlaceFootprints.place_footprints 156:Footprint U2 on root level
05-31 09:39:16 com_github_MitjaNemec_PlaceFootprints.place_footprints 156:Footprint H4 on root level
05-31 09:39:16 com_github_MitjaNemec_PlaceFootprints.place_footprints 156:Footprint D129 on root level
05-31 09:39:16 com_github_MitjaNemec_PlaceFootprints.place_footprints 156:Footprint R6 on root level
05-31 09:39:16 com_github_MitjaNemec_PlaceFootprints.place_footprints 156:Footprint TP6 on root level
05-31 09:39:16 com_github_MitjaNemec_PlaceFootprints.place_footprints 156:Footprint TP7 on root level
05-31 09:39:16 com_github_MitjaNemec_PlaceFootprints.place_footprints 156:Footprint TP4 on root level
05-31 09:39:16 com_github_MitjaNemec_PlaceFootprints.place_footprints 156:Footprint R4 on root level
05-31 09:39:16 com_github_MitjaNemec_PlaceFootprints.place_footprints 156:Footprint R7 on root level
05-31 09:39:16 com_github_MitjaNemec_PlaceFootprints.place_footprints 156:Footprint U1 on root level
05-31 09:39:16 com_github_MitjaNemec_PlaceFootprints.place_footprints 156:Footprint SW1 on root level
05-31 09:39:16 com_github_MitjaNemec_PlaceFootprints.place_footprints 156:Footprint C133 on root level
05-31 09:39:16 com_github_MitjaNemec_PlaceFootprints.place_footprints 156:Footprint Q1 on root level
05-31 09:39:16 com_github_MitjaNemec_PlaceFootprints.place_footprints 156:Footprint C136 on root level
05-31 09:39:16 com_github_MitjaNemec_PlaceFootprints.place_footprints 156:Footprint SW2 on root level
05-31 09:39:16 com_github_MitjaNemec_PlaceFootprints.place_footprints 156:Footprint C138 on root level
05-31 09:39:16 com_github_MitjaNemec_PlaceFootprints.place_footprints 156:Footprint U3 on root level
05-31 09:39:16 com_github_MitjaNemec_PlaceFootprints.place_footprints 156:Footprint C131 on root level
05-31 09:39:16 com_github_MitjaNemec_PlaceFootprints.place_footprints 156:Footprint R10 on root level
05-31 09:39:16 com_github_MitjaNemec_PlaceFootprints.place_footprints 156:Footprint H5 on root level
05-31 09:39:16 com_github_MitjaNemec_PlaceFootprints.place_footprints 156:Footprint C134 on root level
05-31 09:39:16 com_github_MitjaNemec_PlaceFootprints.place_footprints 156:Footprint R2 on root level
05-31 09:39:16 com_github_MitjaNemec_PlaceFootprints.place_footprints 156:Footprint C132 on root level
05-31 09:39:16 com_github_MitjaNemec_PlaceFootprints.place_footprints 156:Footprint C129 on root level
05-31 09:39:16 com_github_MitjaNemec_PlaceFootprints.place_footprints 156:Footprint J1 on root level
05-31 09:39:16 com_github_MitjaNemec_PlaceFootprints.place_footprints 156:Footprint J3 on root level
05-31 09:39:16 com_github_MitjaNemec_PlaceFootprints.place_footprints 156:Footprint R8 on root level
05-31 09:39:16 com_github_MitjaNemec_PlaceFootprints.place_footprints 156:Footprint TP1 on root level
05-31 09:39:16 com_github_MitjaNemec_PlaceFootprints.place_footprints 156:Footprint H3 on root level
05-31 09:39:16 com_github_MitjaNemec_PlaceFootprints.place_footprints 156:Footprint D130 on root level
05-31 09:39:16 com_github_MitjaNemec_PlaceFootprints.place_footprints 156:Footprint J2 on root level
05-31 09:39:19 com_github_MitjaNemec_PlaceFootprints.action_place_footprints 717:Reference footprint='D1'
05-31 09:39:20 com_github_MitjaNemec_PlaceFootprints.action_place_footprints 858:Reference designator is: D
05-31 09:39:20 com_github_MitjaNemec_PlaceFootprints.action_place_footprints 859:Reference number is: 1
05-31 09:39:20 com_github_MitjaNemec_PlaceFootprints.action_place_footprints 891:Sorted and filtered list:
['D1', 'D2', 'D3', 'D4', 'D5', 'D6', 'D7', 'D8', 'D9', 'D10', 'D11', 'D12', 'D13', 'D14', 'D15', 'D16', 'D17', 'D18', 'D19', 'D20', 'D21', 'D22', 'D23', 'D24', 'D25', 'D26', 'D27', 'D28', 'D29', 'D30', 'D31', 'D32', 'D33', 'D34', 'D35', 'D36', 'D37', 'D38', 'D39', 'D40', 'D41', 'D42', 'D43', 'D44', 'D45', 'D46', 'D47', 'D48', 'D49', 'D50', 'D51', 'D52', 'D53', 'D54', 'D55', 'D56', 'D57', 'D58', 'D59', 'D60', 'D61', 'D62', 'D63', 'D64', 'D65', 'D66', 'D67', 'D68', 'D69', 'D70', 'D71', 'D72', 'D73', 'D74', 'D75', 'D76', 'D77', 'D78', 'D79', 'D80', 'D81', 'D82', 'D83', 'D84', 'D85', 'D86', 'D87', 'D88', 'D89', 'D90', 'D91', 'D92', 'D93', 'D94', 'D95', 'D96', 'D97', 'D98', 'D99', 'D100', 'D101', 'D102', 'D103', 'D104', 'D105', 'D106', 'D107', 'D108', 'D109', 'D110', 'D111', 'D112', 'D113', 'D114', 'D115', 'D116', 'D117', 'D118', 'D119', 'D120', 'D121', 'D122', 'D123', 'D124', 'D125', 'D126', 'D127', 'D128', 'D129', 'D130']
05-31 09:39:20 com_github_MitjaNemec_PlaceFootprints.action_place_footprints 376:wx.Colour(53, 53, 53, 255)
05-31 09:39:28 com_github_MitjaNemec_PlaceFootprints.action_place_footprints 507:'10'
05-31 09:39:28 com_github_MitjaNemec_PlaceFootprints.action_place_footprints 566:Preparing config for reference matrix
05-31 09:39:28 com_github_MitjaNemec_PlaceFootprints.action_place_footprints 573:Saving config file
05-31 09:39:28 com_github_MitjaNemec_PlaceFootprints.action_place_footprints 575:Saved the config file
05-31 09:39:28 com_github_MitjaNemec_PlaceFootprints.action_place_footprints 929:Footprints to place:
['D1', 'D2', 'D3', 'D4', 'D5', 'D6', 'D7', 'D8', 'D9', 'D10', 'D11', 'D12', 'D13', 'D14', 'D15', 'D16', 'D17', 'D18', 'D19', 'D20', 'D21', 'D22', 'D23', 'D24', 'D25', 'D26', 'D27', 'D28', 'D29', 'D30', 'D31', 'D32', 'D33', 'D34', 'D35', 'D36', 'D37', 'D38', 'D39', 'D40', 'D41', 'D42', 'D43', 'D44', 'D45', 'D46', 'D47', 'D48', 'D49', 'D50', 'D51', 'D52', 'D53', 'D54', 'D55', 'D56', 'D57', 'D58', 'D59', 'D60', 'D61', 'D62', 'D63', 'D64', 'D65', 'D66', 'D67', 'D68', 'D69', 'D70', 'D71', 'D72', 'D73', 'D74', 'D75', 'D76', 'D77', 'D78', 'D79', 'D80', 'D81', 'D82', 'D83', 'D84', 'D85', 'D86', 'D87', 'D88', 'D89', 'D90', 'D91', 'D92', 'D93', 'D94', 'D95', 'D96', 'D97', 'D98', 'D99', 'D100', 'D101', 'D102', 'D103', 'D104', 'D105', 'D106', 'D107', 'D108', 'D109', 'D110', 'D111', 'D112', 'D113', 'D114', 'D115', 'D116', 'D117', 'D118', 'D119', 'D120', 'D121', 'D122', 'D123', 'D124', 'D125', 'D126', 'D127', 'D128']
05-31 09:39:28 com_github_MitjaNemec_PlaceFootprints.place_footprints 427:Starting placing with matrix layout
05-31 09:39:28 com_github_MitjaNemec_PlaceFootprints.action_place_footprints 999:Placing complete
